[Wed Oct 15 10:19:48 2025
] Добавлена труба ID 0
[Wed Oct 15 10:28:12 2025
] Добавлена труба ID 0
[Wed Oct 15 10:28:29 2025
] Добавлена труба ID 0
[Wed Oct 15 10:29:37 2025
] Добавлена труба ID 0
[Wed Oct 15 12:09:13 2025
] Добавлена труба ID 0
[Wed Oct 15 12:09:23 2025
] Добавлена труба ID 0
[2025-10-15 13:01:54] Добавлена труба ID 1
[2025-10-15 13:02:02] Добавлена труба ID 2
[2025-10-15 13:05:23] Добавлена труба ID 1
[2025-10-15 13:05:33] Добавлена труба ID 2
[2025-10-15 13:06:30] Добавлена труба ID 1
[2025-10-15 13:06:53] Добавлена труба ID 2
[2025-10-15 13:07:43] Изменена труба ID 1
[2025-10-15 13:08:27] Удалена труба ID 1
[2025-10-15 13:08:41] Добавлена труба ID 3
[2025-10-15 13:10:14] Добавлена труба ID 0
[2025-10-15 13:12:45] Добавлена труба ID 1
[2025-10-15 13:13:19] Добавлена КС ID 0
[2025-10-15 13:13:38] Добавлена КС ID 1
[2025-10-15 13:14:38] Добавлена труба ID 0
[2025-10-15 13:14:46] Добавлена труба ID 1
[2025-10-15 13:15:03] Добавлена КС ID 0
[2025-10-15 13:15:30] Добавлена КС ID 1
[2025-10-15 13:16:09] Изменена труба ID 1
[2025-10-15 13:16:35] Изменена КС ID 0
[2025-10-15 13:16:57] Изменена КС ID 0
[2025-10-15 13:17:20] Изменена КС ID 0
[2025-10-15 13:17:41] Удалена труба ID 0
[2025-10-15 13:18:20] Добавлена труба ID 2
[2025-10-15 13:18:30] Добавлена труба ID 3
[2025-10-15 13:22:23] Добавлена КС ID 0
[2025-10-15 13:22:46] Добавлена КС ID 1
[2025-10-15 13:23:00] Добавлена КС ID 2
[2025-10-15 13:24:11] Добавлена труба ID 0
[2025-10-15 13:24:21] Добавлена труба ID 1
[2025-10-15 13:25:33] Добавлена труба ID 0
[2025-10-15 13:25:40] Добавлена труба ID 1
[2025-10-15 13:27:00] Добавлена труба ID 0
[2025-10-15 13:27:40] Добавлена труба ID 1
[2025-10-15 13:27:59] Пакетное редактирование трубы ID 0
[2025-10-15 13:27:59] Пакетное редактирование трубы ID 1
[2025-10-15 13:32:01] Добавлена труба ID 0
[2025-10-15 13:32:11] Добавлена труба ID 1
[2025-10-15 13:32:56] Добавлена труба ID 0
[2025-10-15 13:33:06] Добавлена труба ID 1
[2025-10-15 13:33:53] Добавлена КС ID 0
[2025-10-15 13:34:07] Добавлена КС ID 1
[2025-10-15 13:38:07] Добавлена труба ID 0
[2025-10-15 13:38:46] Удалена труба ID 0
[2025-10-15 13:38:57] Добавлена труба ID 1
[2025-10-21 08:45:15] Добавлена труба ID 0
[2025-10-21 08:45:28] Добавлена труба ID 1
[2025-10-21 09:21:57] Добавлена труба ID 0
[2025-10-21 09:22:08] Добавлена труба ID 1
[2025-10-21 09:23:09] Добавлена КС ID 0
[2025-10-21 09:24:27] Добавлена КС ID 1
[2025-10-21 09:25:55] Изменена труба ID 0
[2025-10-21 09:27:01] Изменена КС ID 0
[2025-10-21 09:27:11] Удалена труба ID 1
[2025-10-21 09:30:48] Удалена КС ID 0
[2025-10-21 09:31:09] Добавлена труба ID 2
[2025-10-21 09:31:45] Добавлена труба ID 3
[2025-10-21 22:02:13] Добавлена труба ID 1
[2025-10-21 22:02:28] Добавлена труба ID 2
[2025-10-21 22:09:49] Добавлена труба ID 0
[2025-10-21 22:09:55] Добавлена труба ID 1
[2025-10-21 22:10:25] Добавлена КС ID 0
[2025-10-21 22:11:38] Добавлена КС ID 1
[2025-10-21 22:27:04] Добавлена труба ID 0
[2025-10-21 22:27:11] Добавлена труба ID 1
[2025-10-21 22:27:22] Добавлена КС ID 0
[2025-10-21 22:27:36] Добавлена КС ID 1
[2025-10-21 22:28:27] Пакетное редактирование трубы ID 1
[2025-10-22 05:52:42] Добавлена труба ID 0
[2025-10-22 05:52:54] Добавлена труба ID 1
[2025-10-22 05:53:46] Добавлена КС ID 0
[2025-10-22 05:54:06] Добавлена КС ID 1
[2025-10-22 05:55:24] Пакетное редактирование трубы ID 0
[2025-10-22 05:55:24] Пакетное редактирование трубы ID 1
[2025-10-22 05:55:43] Пакетное редактирование трубы ID 0
[2025-10-22 05:55:43] Пакетное редактирование трубы ID 1
[2025-10-22 05:56:51] Пакетное редактирование трубы ID 0
[2025-10-22 05:56:51] Пакетное редактирование трубы ID 1
[2025-10-22 06:10:31] Добавлена труба ID 0
[2025-10-22 06:10:36] Добавлена труба ID 1
[2025-10-22 06:10:56] Добавлена КС ID 0
[2025-10-22 06:11:07] Добавлена КС ID 1
[2025-10-22 06:12:35] Пакетное редактирование трубы ID 0
[2025-10-22 06:12:35] Пакетное редактирование трубы ID 1
[2025-10-22 06:13:44] Удалена труба ID 1
[2025-10-22 06:14:02] Добавлена труба ID 2
[2025-10-22 06:15:44] Удалена труба ID 2
[2025-10-22 06:15:55] Добавлена труба ID 3
[2025-10-22 06:19:14] Удалена КС ID 1
[2025-10-22 06:19:36] Добавлена КС ID 2
[2025-10-22 06:19:56] Удалена КС ID 2
[2025-10-22 06:20:06] Добавлена КС ID 3
[2025-10-22 06:20:21] Пакетное редактирование трубы ID 0
[2025-10-22 06:20:21] Пакетное редактирование трубы ID 3
[2025-10-22 06:21:46] Пакетное редактирование КС ID 0
[2025-10-22 06:21:46] Пакетное редактирование КС ID 3
[2025-10-22 06:24:14] Добавлена КС ID 0
[2025-10-22 06:27:47] Добавлена труба ID 0
[2025-10-22 06:27:54] Добавлена труба ID 1
[2025-10-22 06:28:08] Пакетное редактирование трубы ID 0
[2025-10-22 06:28:08] Пакетное редактирование трубы ID 1
[2025-10-22 06:28:21] Добавлена КС ID 0
[2025-10-22 06:28:29] Добавлена КС ID 1
[2025-10-22 06:29:24] Изменена КС ID 1
[2025-10-22 06:32:58] Добавлена КС ID 0
[2025-10-22 06:33:07] Добавлена КС ID 1
[2025-10-22 06:33:55] Изменена КС ID 1
[2025-10-22 06:34:06] Удалена КС ID 1
[2025-10-22 06:34:23] Добавлена КС ID 2
[2025-10-22 10:17:35] Добавлена труба ID 0
[2025-10-22 10:23:21] Добавлена труба ID 1
[2025-10-22 10:30:25] Добавлена труба ID 0
[2025-10-22 10:30:31] Добавлена труба ID 1
[2025-10-22 10:30:54] Добавлена КС ID 0
[2025-10-22 10:31:05] Добавлена КС ID 1
[2025-10-22 10:32:36] Пакетное редактирование трубы ID 0
[2025-10-22 10:32:36] Пакетное редактирование трубы ID 1
[2025-10-22 10:33:06] Удалена труба ID 0
[2025-10-22 10:33:41] Добавлена труба ID 0
[2025-10-22 10:33:48] Добавлена труба ID 1
[2025-10-22 10:37:58] Добавлена КС ID 0
[2025-10-22 10:38:16] Добавлена КС ID 1
[2025-10-22 10:39:17] Пакетное редактирование трубы ID 0
[2025-10-22 10:39:17] Пакетное редактирование трубы ID 1
[2025-10-22 10:39:59] Пакетное редактирование трубы ID 0
[2025-10-22 10:39:59] Пакетное редактирование трубы ID 1
[2025-10-22 10:41:20] Удалена труба ID 1
[2025-10-22 10:41:46] Добавлена труба ID 2
[2025-10-22 10:43:23] Пакетное редактирование трубы ID 0
[2025-10-22 10:43:23] Пакетное редактирование трубы ID 2
[2025-10-22 10:44:21] Пакетное редактирование трубы ID 2
[2025-10-22 10:44:57] Удалена труба ID 0
[2025-10-22 10:45:15] Пакетное редактирование трубы ID 2
[2025-10-22 10:47:51] Добавлена КС ID 0
[2025-10-22 10:48:05] Добавлена КС ID 1
[2025-10-22 10:48:59] Удалена КС ID 1
[2025-10-22 10:49:16] Добавлена КС ID 2
[2025-10-22 10:54:54] Пакетное редактирование КС ID 0
[2025-10-22 10:56:47] Пакетное редактирование КС ID 0
[2025-10-22 10:57:24] Пакетное редактирование КС ID 0
[2025-10-22 11:00:24] Пакетное редактирование КС ID 0
[2025-10-22 11:00:24] Пакетное редактирование КС ID 2
[2025-10-22 11:00:49] Сохранение в файл: save1.txt
[2025-10-22 11:01:39] Удалена КС ID 0
[2025-10-22 11:01:39] Удалена КС ID 2
[2025-10-22 11:01:49] Загрузка из файла: save1.txt
[2025-10-22 11:02:21] Пакетное редактирование КС ID 0
[2025-10-22 11:02:21] Пакетное редактирование КС ID 2
[2025-10-22 11:02:34] Пакетное редактирование КС ID 0
[2025-10-22 11:02:34] Пакетное редактирование КС ID 2
[2025-10-22 11:02:46] Сохранение в файл: save.txt
[2025-10-22 11:02:59] Загрузка из файла: save.txt
[2025-10-22 12:43:28] Добавлена труба ID 0
[2025-10-22 12:44:16] Добавлена труба ID 1
[2025-10-22 12:44:44] Добавлена труба ID 2
[2025-10-22 12:45:44] Удалена труба ID 0
[2025-10-22 12:45:44] Удалена труба ID 1
[2025-10-22 12:45:44] Удалена труба ID 2
[2025-10-22 12:46:15] Добавлена труба ID 3
[2025-10-22 12:46:24] Добавлена труба ID 4
[2025-10-22 12:46:31] Добавлена труба ID 5
[2025-10-22 12:47:11] Удалена труба ID 3
[2025-10-22 12:47:11] Удалена труба ID 4
[2025-10-22 12:47:11] Удалена труба ID 5
[2025-10-22 12:47:23] Добавлена труба ID 6
[2025-10-22 12:47:31] Добавлена труба ID 7
[2025-10-22 12:47:41] Добавлена труба ID 8
[2025-10-22 12:48:07] Удалена труба ID 8
[2025-10-22 12:48:22] Добавлена труба ID 9
[2025-10-22 12:49:39] Добавлена КС ID 0
[2025-10-22 12:49:53] Добавлена КС ID 1
[2025-10-22 12:50:57] Пакетное редактирование КС ID 0
[2025-10-22 12:51:30] Пакетное редактирование КС ID 1
[2025-10-22 12:52:31] Добавлена труба ID 0
[2025-10-22 12:52:39] Добавлена КС ID 0
[2025-10-22 12:52:49] Сохранение в файл: save1.txt
[2025-10-22 12:53:02] Загрузка из файла: save1.txt
[2025-10-22 12:54:40] Добавлена труба ID 1
[2025-11-05 12:42:09] Добавлена труба ID 0
